<?xml version="1.0" encoding="UTF-8"?>
<!-- Generated by org.testng.reporters.JUnitReportReporter -->
<testsuite skipped="0" hostname="LAPTOP-KU2F0MSQ" name="utilities.ProjectSetup" tests="1" failures="0" timestamp="2020-01-05T13:28:15 IST" time="0.009" errors="0">
  <testcase name="createReportingFolder" time="0.009" classname="utilities.ProjectSetup"/>
</testsuite> <!-- utilities.ProjectSetup -->
