<?xml version="1.0" encoding="UTF-8"?>
<!-- Generated by org.testng.reporters.JUnitReportReporter -->
<testsuite skipped="0" hostname="LAPTOP-KU2F0MSQ" name="tests.Browsers" tests="1" failures="0" timestamp="2020-01-05T13:38:54 IST" time="0.005" errors="0">
  <testcase name="test1" time="0.005" classname="tests.Browsers"/>
</testsuite> <!-- tests.Browsers -->
