<?xml version="1.0" encoding="UTF-8"?>
<!-- Generated by org.testng.reporters.JUnitReportReporter -->
<testsuite skipped="0" hostname="LAPTOP-KU2F0MSQ" name="tests.Easemytrip" tests="1" failures="0" timestamp="2020-01-05T14:34:36 IST" time="8.421" errors="0">
  <testcase name="openEaseMyTripURL" time="8.421" classname="tests.Easemytrip"/>
</testsuite> <!-- tests.Easemytrip -->
